2022-07-19 11:15:01,088 - __main__ - INFO - Token value: Token not available!
2022-07-19 11:15:01,760 - __main__ - INFO - Weather in Berlin: 30.32
2022-07-19 10:09:58,525 - __main__ - INFO - Token value: 1234
2022-07-19 10:09:58,949 - __main__ - INFO - Weather in Berlin: 32.56
2022-07-19 12:17:50,405 - __main__ - INFO - Token value: 1234
2022-07-19 12:17:50,875 - __main__ - INFO - Weather in Berlin: 33.66
2022-07-19 14:09:00,868 - __main__ - INFO - Token value: 1234
2022-07-19 14:09:01,435 - __main__ - INFO - Weather in Berlin: 34.86
2022-07-19 16:12:16,906 - __main__ - INFO - Token value: 1234
2022-07-19 16:12:17,306 - __main__ - INFO - Weather in Berlin: 34.28
2022-07-19 18:10:53,682 - __main__ - INFO - Token value: 1234
2022-07-19 18:10:53,844 - __main__ - INFO - Weather in Berlin: 31.9
2022-07-19 20:09:35,027 - __main__ - INFO - Token value: 1234
2022-07-19 20:09:35,139 - __main__ - INFO - Weather in Berlin: 27.52
2022-07-19 22:09:04,334 - __main__ - INFO - Token value: 1234
2022-07-19 22:09:04,912 - __main__ - INFO - Weather in Berlin: 25.4
2022-07-20 00:46:12,649 - __main__ - INFO - Token value: 1234
2022-07-20 00:46:13,296 - __main__ - INFO - Weather in Berlin: 24.18
2022-07-20 03:36:18,748 - __main__ - INFO - Token value: 1234
2022-07-20 03:36:18,916 - __main__ - INFO - Weather in Berlin: 22.12
2022-07-20 04:30:43,477 - __main__ - INFO - Token value: 1234
2022-07-20 04:30:43,776 - __main__ - INFO - Weather in Berlin: 21.64
2022-07-20 06:11:40,340 - __main__ - INFO - Token value: 1234
2022-07-20 06:11:41,194 - __main__ - INFO - Weather in Berlin: 24.95
2022-07-20 08:12:25,109 - __main__ - INFO - Token value: 1234
2022-07-20 08:12:25,397 - __main__ - INFO - Weather in Berlin: 30.85
2022-07-20 10:09:27,874 - __main__ - INFO - Token value: 1234
2022-07-20 10:09:28,041 - __main__ - INFO - Weather in Berlin: 35.42
2022-07-20 12:16:14,801 - __main__ - INFO - Token value: 1234
2022-07-20 12:16:15,447 - __main__ - INFO - Weather in Berlin: 36.64
2022-07-20 14:10:42,143 - __main__ - INFO - Token value: 1234
2022-07-20 14:10:42,285 - __main__ - INFO - Weather in Berlin: 37.34
2022-07-20 16:11:32,101 - __main__ - INFO - Token value: 1234
2022-07-20 16:11:32,270 - __main__ - INFO - Weather in Berlin: 36.32
2022-07-20 18:11:08,871 - __main__ - INFO - Token value: 1234
2022-07-20 18:11:09,450 - __main__ - INFO - Weather in Berlin: 35.75
2022-07-20 20:10:07,208 - __main__ - INFO - Token value: 1234
2022-07-20 20:10:07,807 - __main__ - INFO - Weather in Berlin: 29.16
2022-07-20 22:08:32,880 - __main__ - INFO - Token value: 1234
2022-07-20 22:08:33,309 - __main__ - INFO - Weather in Berlin: 27.72
2022-07-21 00:51:04,670 - __main__ - INFO - Token value: 1234
2022-07-21 00:51:04,945 - __main__ - INFO - Weather in Berlin: 25.62
2022-07-21 03:32:21,183 - __main__ - INFO - Token value: 1234
2022-07-21 03:32:21,622 - __main__ - INFO - Weather in Berlin: 24.17
2022-07-21 04:33:49,059 - __main__ - INFO - Token value: 1234
2022-07-21 04:33:49,712 - __main__ - INFO - Weather in Berlin: 23.8
2022-07-21 06:11:40,676 - __main__ - INFO - Token value: 1234
2022-07-21 06:11:41,078 - __main__ - INFO - Weather in Berlin: 24.1
2022-07-21 08:11:51,774 - __main__ - INFO - Token value: 1234
2022-07-21 08:11:51,925 - __main__ - INFO - Weather in Berlin: 26.61
2022-07-21 10:10:48,231 - __main__ - INFO - Token value: 1234
2022-07-21 10:10:48,658 - __main__ - INFO - Weather in Berlin: 29.39
2022-07-21 12:16:51,452 - __main__ - INFO - Token value: 1234
2022-07-21 12:16:52,210 - __main__ - INFO - Weather in Berlin: 29.02
2022-07-21 14:10:13,059 - __main__ - INFO - Token value: 1234
2022-07-21 14:10:13,760 - __main__ - INFO - Weather in Berlin: 24.62
2022-07-21 16:11:48,481 - __main__ - INFO - Token value: 1234
2022-07-21 16:11:49,254 - __main__ - INFO - Weather in Berlin: 24.51
2022-07-21 18:11:19,590 - __main__ - INFO - Token value: 1234
2022-07-21 18:11:19,965 - __main__ - INFO - Weather in Berlin: 25.79
2022-07-21 20:10:30,244 - __main__ - INFO - Token value: 1234
2022-07-21 20:10:30,328 - __main__ - INFO - Weather in Berlin: 22.77
2022-07-25 00:44:39,700 - __main__ - INFO - Token value: 1234
2022-07-25 00:44:40,082 - __main__ - INFO - Weather in Berlin: 19.9
2022-08-01 00:54:12,206 - __main__ - INFO - Token value: 1234
2022-08-01 00:54:12,694 - __main__ - INFO - Weather in Berlin: 20.23
2022-08-07 13:57:59,564 - __main__ - INFO - Token value: Token not available!
2022-08-07 13:58:02,076 - __main__ - INFO - Weather in Berlin: 19.59
2022-08-07 14:02:22,947 - __main__ - INFO - Token value: Token not available!
2022-08-07 14:02:25,087 - __main__ - INFO - Weather in Berlin: 21.3
2022-08-07 14:05:59,810 - __main__ - INFO - Token value: Token not available!
2022-08-07 14:06:01,713 - __main__ - INFO - Weather in Berlin: 21.07
2022-08-14 04:37:34,661 - __main__ - INFO - Token value: 
2022-08-14 04:37:35,173 - __main__ - INFO - Weather in Berlin: 20.26
2022-08-15 05:10:21,007 - __main__ - INFO - Token value: 
2022-08-15 05:10:21,680 - __main__ - INFO - Weather in Berlin: 20.03
2022-08-16 04:48:29,475 - __main__ - INFO - Token value: 
2022-08-16 04:48:29,596 - __main__ - INFO - Weather in Berlin: 18.22
2022-08-17 05:14:23,112 - __main__ - INFO - Token value: 
2022-08-17 05:14:23,427 - __main__ - INFO - Weather in Berlin: 20.94
2022-08-18 05:06:53,061 - __main__ - INFO - Token value: 
2022-08-18 05:06:53,242 - __main__ - INFO - Weather in Berlin: 21.64
2022-08-19 04:56:21,128 - __main__ - INFO - Token value: 
2022-08-19 04:56:22,036 - __main__ - INFO - Weather in Berlin: 19.82
2022-08-20 04:41:49,457 - __main__ - INFO - Token value: 
2022-08-20 04:41:49,607 - __main__ - INFO - Weather in Berlin: 19.43
2022-08-21 04:41:33,408 - __main__ - INFO - Token value: 
2022-08-21 04:41:34,005 - __main__ - INFO - Weather in Berlin: 16.87
2022-08-22 05:16:00,502 - __main__ - INFO - Token value: 
2022-08-22 05:16:00,621 - __main__ - INFO - Weather in Berlin: 16.49
2022-08-23 05:24:06,294 - __main__ - INFO - Token value: 
2022-08-23 05:24:06,419 - __main__ - INFO - Weather in Berlin: 17.84
2022-08-24 05:16:36,100 - __main__ - INFO - Token value: 
2022-08-24 05:16:36,466 - __main__ - INFO - Weather in Berlin: 17.09
2022-08-25 05:25:07,942 - __main__ - INFO - Token value: 
2022-08-25 05:25:08,356 - __main__ - INFO - Weather in Berlin: 18.65
2022-08-26 05:34:22,453 - __main__ - INFO - Token value: 
2022-08-26 05:34:22,580 - __main__ - INFO - Weather in Berlin: 20.27
2022-08-27 05:01:53,770 - __main__ - INFO - Token value: 
2022-08-27 05:01:54,190 - __main__ - INFO - Weather in Berlin: 19.62
2022-08-28 05:01:19,130 - __main__ - INFO - Token value: 
2022-08-28 05:01:19,580 - __main__ - INFO - Weather in Berlin: 16.87
2022-08-29 05:43:08,799 - __main__ - INFO - Token value: 
2022-08-29 05:43:09,385 - __main__ - INFO - Weather in Berlin: 13.48
2022-08-30 05:42:49,128 - __main__ - INFO - Token value: 
2022-08-30 05:42:49,706 - __main__ - INFO - Weather in Berlin: 15.24
2022-08-31 05:47:08,599 - __main__ - INFO - Token value: 
2022-08-31 05:47:09,137 - __main__ - INFO - Weather in Berlin: 13.81
2022-09-01 05:19:53,117 - __main__ - INFO - Token value: 
2022-09-01 05:19:53,718 - __main__ - INFO - Weather in Berlin: 13.06
2022-09-02 05:39:05,751 - __main__ - INFO - Token value: 
2022-09-02 05:39:05,951 - __main__ - INFO - Weather in Berlin: 12.79
2022-09-03 05:04:27,770 - __main__ - INFO - Token value: 
2022-09-03 05:04:27,955 - __main__ - INFO - Weather in Berlin: 11.92
2022-09-04 05:06:58,616 - __main__ - INFO - Token value: 
2022-09-04 05:06:58,699 - __main__ - INFO - Weather in Berlin: 13.28
2022-09-05 05:37:06,438 - __main__ - INFO - Token value: 
2022-09-05 05:37:07,030 - __main__ - INFO - Weather in Berlin: 13.92
2022-09-06 05:41:14,485 - __main__ - INFO - Token value: 
2022-09-06 05:41:15,260 - __main__ - INFO - Weather in Berlin: 14.3
2022-09-07 05:44:33,982 - __main__ - INFO - Token value: 
2022-09-07 05:44:34,308 - __main__ - INFO - Weather in Berlin: 14.57
2022-09-08 05:32:57,767 - __main__ - INFO - Token value: 
2022-09-08 05:32:58,380 - __main__ - INFO - Weather in Berlin: 15.32
2022-09-09 05:20:24,249 - __main__ - INFO - Token value: 
2022-09-09 05:20:24,822 - __main__ - INFO - Weather in Berlin: 12.65
2022-09-10 05:18:23,668 - __main__ - INFO - Token value: 
2022-09-10 05:18:23,766 - __main__ - INFO - Weather in Berlin: 12.42
2022-09-11 05:09:30,057 - __main__ - INFO - Token value: 
2022-09-11 05:09:30,345 - __main__ - INFO - Weather in Berlin: 13.68
2022-09-12 05:42:39,424 - __main__ - INFO - Token value: 
2022-09-12 05:42:40,107 - __main__ - INFO - Weather in Berlin: 10.76
2022-09-13 05:41:49,513 - __main__ - INFO - Token value: 
2022-09-13 05:41:49,818 - __main__ - INFO - Weather in Berlin: 13.36
2022-09-14 05:38:04,507 - __main__ - INFO - Token value: 
2022-09-14 05:38:05,008 - __main__ - INFO - Weather in Berlin: 12.12
2022-09-15 05:32:30,058 - __main__ - INFO - Token value: 
2022-09-15 05:32:30,477 - __main__ - INFO - Weather in Berlin: 11.52
2022-09-16 05:37:20,239 - __main__ - INFO - Token value: 
2022-09-16 05:37:20,846 - __main__ - INFO - Weather in Berlin: 10.56
2022-09-17 05:09:28,293 - __main__ - INFO - Token value: 
2022-09-17 05:09:29,034 - __main__ - INFO - Weather in Berlin: 11.73
2022-09-18 05:12:26,166 - __main__ - INFO - Token value: 
2022-09-18 05:12:26,888 - __main__ - INFO - Weather in Berlin: 9.92
2022-09-19 05:42:14,939 - __main__ - INFO - Token value: 
2022-09-19 05:42:15,106 - __main__ - INFO - Weather in Berlin: 9.65
2022-09-20 05:38:07,754 - __main__ - INFO - Token value: 
2022-09-20 05:38:08,336 - __main__ - INFO - Weather in Berlin: 8.73
2022-09-21 05:38:35,343 - __main__ - INFO - Token value: 
2022-09-21 05:38:35,954 - __main__ - INFO - Weather in Berlin: 7.59
2022-09-22 05:35:53,429 - __main__ - INFO - Token value: 
2022-09-22 05:35:54,015 - __main__ - INFO - Weather in Berlin: 7.99
2022-09-23 05:36:22,416 - __main__ - INFO - Token value: 
2022-09-23 05:36:23,231 - __main__ - INFO - Weather in Berlin: 7.75
2022-09-24 05:17:14,031 - __main__ - INFO - Token value: 
2022-09-24 05:17:14,461 - __main__ - INFO - Weather in Berlin: 9.97
2022-09-25 05:08:21,665 - __main__ - INFO - Token value: 
2022-09-25 05:08:22,134 - __main__ - INFO - Weather in Berlin: 11.36
2022-09-26 05:41:09,996 - __main__ - INFO - Token value: 
2022-09-26 05:41:10,473 - __main__ - INFO - Weather in Berlin: 10.76
2022-09-27 05:33:07,462 - __main__ - INFO - Token value: 
2022-09-27 05:33:07,584 - __main__ - INFO - Weather in Berlin: 11.48
2022-09-28 05:41:03,806 - __main__ - INFO - Token value: 
2022-09-28 05:41:03,982 - __main__ - INFO - Weather in Berlin: 7.64
2022-09-29 05:40:40,603 - __main__ - INFO - Token value: 
2022-09-29 05:40:41,089 - __main__ - INFO - Weather in Berlin: 7.88
2022-09-30 05:37:26,603 - __main__ - INFO - Token value: 
2022-09-30 05:37:27,016 - __main__ - INFO - Weather in Berlin: 6.67
2022-10-01 05:27:25,235 - __main__ - INFO - Token value: 
2022-10-01 05:27:25,914 - __main__ - INFO - Weather in Berlin: 8.19
2022-10-02 05:16:12,287 - __main__ - INFO - Token value: 
2022-10-02 05:16:13,068 - __main__ - INFO - Weather in Berlin: 9.96
2022-10-03 05:02:54,976 - __main__ - INFO - Token value: 
2022-10-03 05:02:55,353 - __main__ - INFO - Weather in Berlin: 11.28
2022-10-04 05:10:19,674 - __main__ - INFO - Token value: 
2022-10-04 05:10:20,101 - __main__ - INFO - Weather in Berlin: 11.46
2022-10-05 05:02:52,915 - __main__ - INFO - Token value: 
2022-10-05 05:02:53,015 - __main__ - INFO - Weather in Berlin: 9.96
